<?xml version="1.0" encoding="UTF-8"?>
<testsuite xmlns:xsi="http://www.w3.org/2001/XMLSchema-instance" xsi:noNamespaceSchemaLocation="https://maven.apache.org/surefire/maven-surefire-plugin/xsd/surefire-test-report-3.0.xsd" version="3.0" name="br.com.mauriciopollis.locadoraveiculos.LocadoraveiculosApplicationTests" time="3.694" tests="1" errors="0" skipped="0" failures="0">
  <properties>
[...]
</properties>
  <testcase name="contextLoads" classname="br.com.mauriciopollis.locadoraveiculos.LocadoraveiculosApplicationTests" time="1.002">
    <system-out><![CDATA[15:52:03.796 [main] INFO org.springframework.test.context.support.AnnotationConfigContextLoaderUtils -- Could not detect default configuration classes for test class [br.com.mauriciopollis.locadoraveiculos.LocadoraveiculosApplicationTests]: LocadoraveiculosApplicationTests does not declare any static, non-private, non-final, nested classes annotated with @Configuration.
15:52:03.922 [main] INFO org.springframework.boot.test.context.SpringBootTestContextBootstrapper -- Found @SpringBootConfiguration br.com.mauriciopollis.locadoraveiculos.LocadoraveiculosApplication for test class br.com.mauriciopollis.locadoraveiculos.LocadoraveiculosApplicationTests

  .   ____          _            __ _ _
 /\\ / ___'_ __ _ _(_)_ __  __ _ \ \ \ \
( ( )\___ | '_ | '_| | '_ \/ _` | \ \ \ \
 \\/  ___)| |_)| | | | | || (_| |  ) ) ) )
  '  |____| .__|_| |_|_| |_\__, | / / / /
 =========|_|==============|___/=/_/_/_/

 :: Spring Boot ::                (v3.3.7)

2025-01-11T15:52:04.430-03:00  INFO 3876 --- [locadoraveiculos] [           main] b.c.m.l.LocadoraveiculosApplicationTests : Starting LocadoraveiculosApplicationTests using Java 21.0.4 with PID 3876 (started by mauri in C:\Users\mauri\intellij-workspace\locadora-veiculos\locadoraveiculosAPI)
2025-01-11T15:52:04.432-03:00  INFO 3876 --- [locadoraveiculos] [           main] b.c.m.l.LocadoraveiculosApplicationTests : No active profile set, falling back to 1 default profile: "default"
2025-01-11T15:52:05.794-03:00  INFO 3876 --- [locadoraveiculos] [           main] o.s.v.b.OptionalValidatorFactoryBean     : Failed to set up a Bean Validation provider: jakarta.validation.NoProviderFoundException: Unable to create a Configuration, because no Jakarta Bean Validation provider could be found. Add a provider like Hibernate Validator (RI) to your classpath.
2025-01-11T15:52:06.255-03:00  INFO 3876 --- [locadoraveiculos] [           main] b.c.m.l.LocadoraveiculosApplicationTests : Started LocadoraveiculosApplicationTests in 2.171 seconds (process running for 4.343)
]]></system-out>
    <system-err><![CDATA[WARNING: A Java agent has been loaded dynamically (C:\Users\mauri\.m2\repository\net\bytebuddy\byte-buddy-agent\1.14.19\byte-buddy-agent-1.14.19.jar)
WARNING: If a serviceability tool is in use, please run with -XX:+EnableDynamicAgentLoading to hide this warning
WARNING: If a serviceability tool is not in use, please run with -Djdk.instrument.traceUsage for more information
WARNING: Dynamic loading of agents will be disallowed by default in a future release
]]></system-err>
  </testcase>
</testsuite>