<?xml version="1.0" encoding="UTF-8"?>
<testsuite xmlns:xsi="http://www.w3.org/2001/XMLSchema-instance" xsi:noNamespaceSchemaLocation="https://maven.apache.org/surefire/maven-surefire-plugin/xsd/surefire-test-report-3.0.xsd" version="3.0" name="br.com.mauriciopollis.locadoraveiculos.LocadoraveiculosApplicationTests" time="6.896" tests="1" errors="0" skipped="0" failures="0">
  <properties>
[...]
</properties>
  <testcase name="contextLoads" classname="br.com.mauriciopollis.locadoraveiculos.LocadoraveiculosApplicationTests" time="0.952">
    <system-out><![CDATA[22:03:06.316 [main] INFO org.springframework.test.context.support.AnnotationConfigContextLoaderUtils -- Could not detect default configuration classes for test class [br.com.mauriciopollis.locadoraveiculos.LocadoraveiculosApplicationTests]: LocadoraveiculosApplicationTests does not declare any static, non-private, non-final, nested classes annotated with @Configuration.
22:03:06.440 [main] INFO org.springframework.boot.test.context.SpringBootTestContextBootstrapper -- Found @SpringBootConfiguration br.com.mauriciopollis.locadoraveiculos.LocadoraveiculosApplication for test class br.com.mauriciopollis.locadoraveiculos.LocadoraveiculosApplicationTests

  .   ____          _            __ _ _
 /\\ / ___'_ __ _ _(_)_ __  __ _ \ \ \ \
( ( )\___ | '_ | '_| | '_ \/ _` | \ \ \ \
 \\/  ___)| |_)| | | | | || (_| |  ) ) ) )
  '  |____| .__|_| |_|_| |_\__, | / / / /
 =========|_|==============|___/=/_/_/_/

 :: Spring Boot ::                (v3.3.7)

2025-01-18T22:03:06.942-03:00  INFO 17668 --- [locadoraveiculos] [           main] b.c.m.l.LocadoraveiculosApplicationTests : Starting LocadoraveiculosApplicationTests using Java 21.0.3 with PID 17668 (started by mauri in C:\Users\mauri\intellij-workspace\locadora-veiculos\locadoraveiculosAPI)
2025-01-18T22:03:06.944-03:00  INFO 17668 --- [locadoraveiculos] [           main] b.c.m.l.LocadoraveiculosApplicationTests : No active profile set, falling back to 1 default profile: "default"
2025-01-18T22:03:08.305-03:00  INFO 17668 --- [locadoraveiculos] [           main] .s.d.r.c.RepositoryConfigurationDelegate : Bootstrapping Spring Data JPA repositories in DEFAULT mode.
2025-01-18T22:03:08.337-03:00  INFO 17668 --- [locadoraveiculos] [           main] .s.d.r.c.RepositoryConfigurationDelegate : Finished Spring Data repository scanning in 19 ms. Found 0 JPA repository interfaces.
2025-01-18T22:03:08.952-03:00  INFO 17668 --- [locadoraveiculos] [           main] com.zaxxer.hikari.HikariDataSource       : HikariPool-1 - Starting...
2025-01-18T22:03:09.228-03:00  INFO 17668 --- [locadoraveiculos] [           main] com.zaxxer.hikari.pool.HikariPool        : HikariPool-1 - Added connection conn0: url=jdbc:h2:mem:testdb user=SA
2025-01-18T22:03:09.229-03:00  INFO 17668 --- [locadoraveiculos] [           main] com.zaxxer.hikari.HikariDataSource       : HikariPool-1 - Start completed.
2025-01-18T22:03:09.299-03:00  INFO 17668 --- [locadoraveiculos] [           main] o.hibernate.jpa.internal.util.LogHelper  : HHH000204: Processing PersistenceUnitInfo [name: default]
2025-01-18T22:03:09.397-03:00  INFO 17668 --- [locadoraveiculos] [           main] org.hibernate.Version                    : HHH000412: Hibernate ORM core version 6.5.3.Final
2025-01-18T22:03:09.476-03:00  INFO 17668 --- [locadoraveiculos] [           main] o.h.c.internal.RegionFactoryInitiator    : HHH000026: Second-level cache disabled
2025-01-18T22:03:10.068-03:00  INFO 17668 --- [locadoraveiculos] [           main] o.s.o.j.p.SpringPersistenceUnitInfo      : No LoadTimeWeaver setup: ignoring JPA class transformer
2025-01-18T22:03:10.154-03:00  WARN 17668 --- [locadoraveiculos] [           main] org.hibernate.orm.deprecation            : HHH90000025: H2Dialect does not need to be specified explicitly using 'hibernate.dialect' (remove the property setting and it will be selected by default)
2025-01-18T22:03:10.670-03:00  INFO 17668 --- [locadoraveiculos] [           main] o.h.e.t.j.p.i.JtaPlatformInitiator       : HHH000489: No JTA platform available (set 'hibernate.transaction.jta.platform' to enable JTA platform integration)
2025-01-18T22:03:10.678-03:00  INFO 17668 --- [locadoraveiculos] [           main] j.LocalContainerEntityManagerFactoryBean : Initialized JPA EntityManagerFactory for persistence unit 'default'
2025-01-18T22:03:11.146-03:00  WARN 17668 --- [locadoraveiculos] [           main] JpaBaseConfiguration$JpaWebConfiguration : spring.jpa.open-in-view is enabled by default. Therefore, database queries may be performed during view rendering. Explicitly configure spring.jpa.open-in-view to disable this warning
2025-01-18T22:03:11.234-03:00  INFO 17668 --- [locadoraveiculos] [           main] o.s.v.b.OptionalValidatorFactoryBean     : Failed to set up a Bean Validation provider: jakarta.validation.NoProviderFoundException: Unable to create a Configuration, because no Jakarta Bean Validation provider could be found. Add a provider like Hibernate Validator (RI) to your classpath.
2025-01-18T22:03:11.882-03:00  INFO 17668 --- [locadoraveiculos] [           main] o.s.b.a.h2.H2ConsoleAutoConfiguration    : H2 console available at '/h2-console'. Database available at 'jdbc:h2:mem:testdb'
2025-01-18T22:03:12.011-03:00  INFO 17668 --- [locadoraveiculos] [           main] b.c.m.l.LocadoraveiculosApplicationTests : Started LocadoraveiculosApplicationTests in 5.382 seconds (process running for 6.695)
]]></system-out>
    <system-err><![CDATA[WARNING: A Java agent has been loaded dynamically (C:\Users\mauri\.m2\repository\net\bytebuddy\byte-buddy-agent\1.14.19\byte-buddy-agent-1.14.19.jar)
WARNING: If a serviceability tool is in use, please run with -XX:+EnableDynamicAgentLoading to hide this warning
WARNING: If a serviceability tool is not in use, please run with -Djdk.instrument.traceUsage for more information
WARNING: Dynamic loading of agents will be disallowed by default in a future release
]]></system-err>
  </testcase>
</testsuite>